# JRE version: OpenJDK Runtime Environment AdoptOpenJDK (11.0.8+10) (build 11.0.8+10)
# Java VM: OpenJDK 64-Bit Server VM AdoptOpenJDK (11.0.8+10, mixed mode, tiered, compressed oops, g1 gc, windows-amd64)
Heap:
 garbage-first heap   total 229376K, used 9972K [0x0000000721e00000, 0x0000000800000000)
  region size 1024K, 6 young (6144K), 2 survivors (2048K)
 Metaspace       used 22307K, capacity 22869K, committed 23168K, reserved 1071104K
  class space    used 2168K, capacity 2377K, committed 2432K, reserved 1048576K
GC Heap History (6 events):
Event: 2.367 GC heap before
{Heap before GC invocations=0 (full 0):
 garbage-first heap   total 229376K, used 24576K [0x0000000721e00000, 0x0000000800000000)
  region size 1024K, 24 young (24576K), 0 survivors (0K)
 Metaspace       used 18379K, capacity 18869K, committed 19072K, reserved 1067008K
  class space    used 1698K, capacity 1916K, committed 1920K, reserved 1048576K
}
Event: 2.376 GC heap after
{Heap after GC invocations=1 (full 0):
 garbage-first heap   total 229376K, used 4695K [0x0000000721e00000, 0x0000000800000000)
  region size 1024K, 3 young (3072K), 3 survivors (3072K)
 Metaspace       used 18379K, capacity 18869K, committed 19072K, reserved 1067008K
  class space    used 1698K, capacity 1916K, committed 1920K, reserved 1048576K
}
Event: 3.600 GC heap before
{Heap before GC invocations=1 (full 0):
 garbage-first heap   total 229376K, used 18007K [0x0000000721e00000, 0x0000000800000000)
  region size 1024K, 16 young (16384K), 3 survivors (3072K)
 Metaspace       used 20304K, capacity 20805K, committed 21120K, reserved 1069056K
  class space    used 1892K, capacity 2114K, committed 2176K, reserved 1048576K
}
Event: 3.605 GC heap after
{Heap after GC invocations=2 (full 0):
 garbage-first heap   total 229376K, used 6706K [0x0000000721e00000, 0x0000000800000000)
  region size 1024K, 2 young (2048K), 2 survivors (2048K)
 Metaspace       used 20304K, capacity 20805K, committed 21120K, reserved 1069056K
  class space    used 1892K, capacity 2114K, committed 2176K, reserved 1048576K
}
Event: 3.658 GC heap before
{Heap before GC invocations=2 (full 0):
 garbage-first heap   total 229376K, used 8754K [0x0000000721e00000, 0x0000000800000000)
  region size 1024K, 5 young (5120K), 2 survivors (2048K)
 Metaspace       used 20698K, capacity 21200K, committed 21296K, reserved 1069056K
  class space    used 1946K, capacity 2162K, committed 2176K, reserved 1048576K
}
Event: 3.661 GC heap after
{Heap after GC invocations=3 (full 0):
 garbage-first heap   total 229376K, used 6900K [0x0000000721e00000, 0x0000000800000000)
  region size 1024K, 2 young (2048K), 2 survivors (2048K)
 Metaspace       used 20698K, capacity 21200K, committed 21296K, reserved 1069056K
  class space    used 1946K, capacity 2162K, committed 2176K, reserved 1048576K
}

